{
  "stats": {
    "suites": 1,
    "tests": 1,
    "passes": 1,
    "pending": 0,
    "failures": 0,
    "start": "2025-05-22T20:04:31.413Z",
    "end": "2025-05-22T20:04:43.436Z",
    "duration": 12023,
    "testsRegistered": 1,
    "passPercent": 100,
    "pendingPercent": 0,
    "other": 0,
    "hasOther": false,
    "skipped": 0,
    "hasSkipped": false
  },
  "results": [
    {
      "uuid": "3e61df66-46d1-46f8-aeef-6f1489c03c33",
      "title": "",
      "fullFile": "cypress/e2e/intercept.cy.js",
      "file": "cypress/e2e/intercept.cy.js",
      "beforeHooks": [],
      "afterHooks": [],
      "tests": [],
      "suites": [
        {
          "uuid": "5dd6cae0-fa09-4415-a6fd-a42afd0b9d61",
          "title": "Login",
          "fullFile": "",
          "file": "",
          "beforeHooks": [],
          "afterHooks": [],
          "tests": [
            {
              "title": "Login",
              "fullTitle": "Login Login",
              "timedOut": null,
              "duration": 11962,
              "state": "passed",
              "speed": "slow",
              "pass": true,
              "fail": false,
              "pending": false,
              "context": null,
              "code": "cy.intercept('GET', '**/public/getProductDetails/67ca29e06d232b1312a9cd5b', {\n  fixture: 'checkout.json'\n}).as('intercept');\ncy.get('[data-testid=\"search-icon\"]').click();\ncy.get('[data-testid=\"searchInput\"]').click().type('Camiseta EBAC');\ncy.get('[data-testid=\"productDetails\"]').contains('Camiseta').click({\n  force: true\n});\ncy.get('[data-testid=\"addToCart\"]').click();\ncy.get('[data-testid=\"productName\"]').first().should('have.text', 'Camiseta EBAC');",
              "err": {},
              "uuid": "c55713e4-d8b2-4f07-91e9-60d6dea70be2",
              "parentUUID": "5dd6cae0-fa09-4415-a6fd-a42afd0b9d61",
              "isHook": false,
              "skipped": false
            }
          ],
          "suites": [],
          "passes": [
            "c55713e4-d8b2-4f07-91e9-60d6dea70be2"
          ],
          "failures": [],
          "pending": [],
          "skipped": [],
          "duration": 11962,
          "root": false,
          "rootEmpty": false,
          "_timeout": 2000
        }
      ],
      "passes": [],
      "failures": [],
      "pending": [],
      "skipped": [],
      "duration": 0,
      "root": true,
      "rootEmpty": true,
      "_timeout": 2000
    }
  ],
  "meta": {
    "mocha": {
      "version": "7.0.1"
    },
    "mochawesome": {
      "options": {
        "quiet": false,
        "reportFilename": "mochawesome",
        "saveHtml": true,
        "saveJson": true,
        "consoleReporter": "spec",
        "useInlineDiffs": false,
        "code": true
      },
      "version": "7.1.3"
    },
    "marge": {
      "options": {
        "reportDir": "mochawesome-report",
        "overwrite": false,
        "html": true,
        "json": true
      },
      "version": "6.2.0"
    }
  }
}