{
  "stats": {
    "suites": 1,
    "tests": 1,
    "passes": 1,
    "pending": 0,
    "failures": 0,
    "start": "2025-05-20T23:44:12.728Z",
    "end": "2025-05-20T23:44:18.701Z",
    "duration": 5973,
    "testsRegistered": 1,
    "passPercent": 100,
    "pendingPercent": 0,
    "other": 0,
    "hasOther": false,
    "skipped": 0,
    "hasSkipped": false
  },
  "results": [
    {
      "uuid": "c23b9b07-d6ab-4ed6-abef-9e9c6774951f",
      "title": "",
      "fullFile": "cypress\\e2e\\intercept.cy.js",
      "file": "cypress\\e2e\\intercept.cy.js",
      "beforeHooks": [],
      "afterHooks": [],
      "tests": [],
      "suites": [
        {
          "uuid": "745b40f1-46e8-41e2-8f04-3ae993551c53",
          "title": "Login",
          "fullFile": "",
          "file": "",
          "beforeHooks": [],
          "afterHooks": [],
          "tests": [
            {
              "title": "Login",
              "fullTitle": "Login Login",
              "timedOut": null,
              "duration": 5907,
              "state": "passed",
              "speed": "medium",
              "pass": true,
              "fail": false,
              "pending": false,
              "context": null,
              "code": "cy.intercept('GET', '**/public/getProductDetails/66d60a1ea60ca1ef7fa04095', {\n  fixture: 'checkout.json'\n}).as('intercept');\ncy.get('[data-testid=\"search-icon\"]').click();\ncy.get('[data-testid=\"searchInput\"]').click().type('Camiseta EBAC');\ncy.get('[data-testid=\"productDetails\"]').contains('Camiseta').click({\n  force: true\n});\ncy.get('[data-testid=\"addToCart\"]').click();\ncy.get('[data-testid=\"productName\"]').first().should('have.text', 'Camiseta EBAC');",
              "err": {},
              "uuid": "5d3489e5-969c-41fd-869f-4ae3cbaade84",
              "parentUUID": "745b40f1-46e8-41e2-8f04-3ae993551c53",
              "isHook": false,
              "skipped": false
            }
          ],
          "suites": [],
          "passes": [
            "5d3489e5-969c-41fd-869f-4ae3cbaade84"
          ],
          "failures": [],
          "pending": [],
          "skipped": [],
          "duration": 5907,
          "root": false,
          "rootEmpty": false,
          "_timeout": 2000
        }
      ],
      "passes": [],
      "failures": [],
      "pending": [],
      "skipped": [],
      "duration": 0,
      "root": true,
      "rootEmpty": true,
      "_timeout": 2000
    }
  ],
  "meta": {
    "mocha": {
      "version": "7.0.1"
    },
    "mochawesome": {
      "options": {
        "quiet": false,
        "reportFilename": "mochawesome",
        "saveHtml": true,
        "saveJson": true,
        "consoleReporter": "spec",
        "useInlineDiffs": false,
        "code": true
      },
      "version": "7.1.3"
    },
    "marge": {
      "options": {
        "reportDir": "mochawesome-report",
        "overwrite": false,
        "html": true,
        "json": true
      },
      "version": "6.2.0"
    }
  }
}